<?xml version="1.0" encoding="UTF-8"?>
<!-- Generated by org.testng.reporters.JUnitReportReporter -->
<testsuite hostname="DESKTOP-VV0BGTB" failures="0" tests="1" name="challenge_tests.saucedemo_tests" time="0.276" errors="0" timestamp="2023-08-07T14:10:48 ART" skipped="0">
  <testcase classname="challenge_tests.saucedemo_tests" name="SauceTests" time="0.276"/>
</testsuite> <!-- challenge_tests.saucedemo_tests -->
